Build started 6/7/2020 7:20:49 AM.
     1>Project "C:\Users\ictect\Desktop\TestApp\Registry\Registry\Registry.vcxproj" on node 2 (build target(s)).
     1>PrepareForBuild:
         Creating directory "C:\Users\ictect\Desktop\TestApp\Registry\Debug\".
       InitializeBuildStatus:
         Creating "Debug\Registry.unsuccessfulbuild" because "AlwaysCreate" was specified.
       ClCompile:
         c:\Program Files (x86)\Microsoft Visual Studio 10.0\VC\bin\CL.exe /c /ZI /nologo /W3 /WX- /Od /Oy- /D WIN32 /D _DEBUG /D _CONSOLE /D _UNICODE /D UNICODE /Gm /EHsc /RTC1 /MDd /GS /fp:precise /Zc:wchar_t /Zc:forScope /Yc"StdAfx.h" /Fp"Debug\Registry.pch" /Fo"Debug\\" /Fd"Debug\vc100.pdb" /Gd /TP /analyze- /errorReport:prompt stdafx.cpp
         stdafx.cpp
         c:\Program Files (x86)\Microsoft Visual Studio 10.0\VC\bin\CL.exe /c /ZI /nologo /W3 /WX- /Od /Oy- /D WIN32 /D _DEBUG /D _CONSOLE /D _UNICODE /D UNICODE /Gm /EHsc /RTC1 /MDd /GS /fp:precise /Zc:wchar_t /Zc:forScope /Yu"StdAfx.h" /Fp"Debug\Registry.pch" /Fo"Debug\\" /Fd"Debug\vc100.pdb" /Gd /TP /analyze- /errorReport:prompt Registry.cpp
         Registry.cpp
       ManifestResourceCompile:
         C:\Program Files (x86)\Microsoft SDKs\Windows\v7.0A\bin\rc.exe /nologo /fo"Debug\Registry.exe.embed.manifest.res" Debug\Registry_manifest.rc 
       Link:
         c:\Program Files (x86)\Microsoft Visual Studio 10.0\VC\bin\link.exe /ERRORREPORT:PROMPT /OUT:"C:\Users\ictect\Desktop\TestApp\Registry\Debug\Registry.exe" /INCREMENTAL /NOLOGO kernel32.lib user32.lib gdi32.lib winspool.lib comdlg32.lib advapi32.lib shell32.lib ole32.lib oleaut32.lib uuid.lib odbc32.lib odbccp32.lib /MANIFEST /ManifestFile:"Debug\Registry.exe.intermediate.manifest" /MANIFESTUAC:"level='asInvoker' uiAccess='false'" /DEBUG /PDB:"C:\Users\ictect\Desktop\TestApp\Registry\Debug\Registry.pdb" /SUBSYSTEM:CONSOLE /TLBID:1 /DYNAMICBASE /NXCOMPAT /IMPLIB:"C:\Users\ictect\Desktop\TestApp\Registry\Debug\Registry.lib" /MACHINE:X86 Debug\Registry.exe.embed.manifest.res
         Debug\Registry.obj
         Debug\stdafx.obj
       Manifest:
         C:\Program Files (x86)\Microsoft SDKs\Windows\v7.0A\bin\mt.exe /nologo /verbose /out:"Debug\Registry.exe.embed.manifest" /manifest Debug\Registry.exe.intermediate.manifest
         C:\Program Files (x86)\Microsoft SDKs\Windows\v7.0A\bin\rc.exe /nologo /fo"Debug\Registry.exe.embed.manifest.res" Debug\Registry_manifest.rc 
       LinkEmbedManifest:
         c:\Program Files (x86)\Microsoft Visual Studio 10.0\VC\bin\link.exe /ERRORREPORT:PROMPT /OUT:"C:\Users\ictect\Desktop\TestApp\Registry\Debug\Registry.exe" /INCREMENTAL /NOLOGO kernel32.lib user32.lib gdi32.lib winspool.lib comdlg32.lib advapi32.lib shell32.lib ole32.lib oleaut32.lib uuid.lib odbc32.lib odbccp32.lib /MANIFEST /ManifestFile:"Debug\Registry.exe.intermediate.manifest" /MANIFESTUAC:"level='asInvoker' uiAccess='false'" /DEBUG /PDB:"C:\Users\ictect\Desktop\TestApp\Registry\Debug\Registry.pdb" /SUBSYSTEM:CONSOLE /TLBID:1 /DYNAMICBASE /NXCOMPAT /IMPLIB:"C:\Users\ictect\Desktop\TestApp\Registry\Debug\Registry.lib" /MACHINE:X86 Debug\Registry.exe.embed.manifest.res
         Debug\Registry.obj
         Debug\stdafx.obj
         Registry.vcxproj -> C:\Users\ictect\Desktop\TestApp\Registry\Debug\Registry.exe
       FinalizeBuildStatus:
         Deleting file "Debug\Registry.unsuccessfulbuild".
         Touching "Debug\Registry.lastbuildstate".
     1>Done Building Project "C:\Users\ictect\Desktop\TestApp\Registry\Registry\Registry.vcxproj" (build target(s)).

Build succeeded.

Time Elapsed 00:00:02.76
